<?xml version="1.0" encoding="UTF-8"?>
<testsuite xmlns:xsi="http://www.w3.org/2001/XMLSchema-instance" xsi:noNamespaceSchemaLocation="https://maven.apache.org/surefire/maven-surefire-plugin/xsd/surefire-test-report.xsd" name="com.feefo.exercise.test.repository.JobRepositoryTest" time="2.504" tests="2" errors="0" skipped="0" failures="0">
  <properties>
[...]
</properties>
  <testcase name="testFetchData" classname="com.feefo.exercise.test.repository.JobRepositoryTest" time="0.39"/>
  <testcase name="testDataUpdate" classname="com.feefo.exercise.test.repository.JobRepositoryTest" time="0.106"/>
</testsuite>